2020-09-22T19:33:01+00:00	2a2c5a73139b	{"container_id":"2a2c5a73139be656c3d4316f1ed79c44164c8ec061bf9715dcb82ab33c59b171","container_name":"/nginx","source":"stdout","log":"/docker-entrypoint.sh: /docker-entrypoint.d/ is not empty, will attempt to perform configuration"}
2020-09-22T19:33:01+00:00	2a2c5a73139b	{"source":"stdout","log":"/docker-entrypoint.sh: Looking for shell scripts in /docker-entrypoint.d/","container_id":"2a2c5a73139be656c3d4316f1ed79c44164c8ec061bf9715dcb82ab33c59b171","container_name":"/nginx"}
2020-09-22T19:33:01+00:00	2a2c5a73139b	{"container_id":"2a2c5a73139be656c3d4316f1ed79c44164c8ec061bf9715dcb82ab33c59b171","container_name":"/nginx","source":"stdout","log":"/docker-entrypoint.sh: Launching /docker-entrypoint.d/10-listen-on-ipv6-by-default.sh"}
2020-09-22T19:33:01+00:00	2a2c5a73139b	{"log":"10-listen-on-ipv6-by-default.sh: Getting the checksum of /etc/nginx/conf.d/default.conf","container_id":"2a2c5a73139be656c3d4316f1ed79c44164c8ec061bf9715dcb82ab33c59b171","container_name":"/nginx","source":"stdout"}
2020-09-22T19:33:01+00:00	2a2c5a73139b	{"container_id":"2a2c5a73139be656c3d4316f1ed79c44164c8ec061bf9715dcb82ab33c59b171","container_name":"/nginx","source":"stdout","log":"10-listen-on-ipv6-by-default.sh: Enabled listen on IPv6 in /etc/nginx/conf.d/default.conf"}
2020-09-22T19:33:01+00:00	2a2c5a73139b	{"container_name":"/nginx","source":"stdout","log":"/docker-entrypoint.sh: Launching /docker-entrypoint.d/20-envsubst-on-templates.sh","container_id":"2a2c5a73139be656c3d4316f1ed79c44164c8ec061bf9715dcb82ab33c59b171"}
2020-09-22T19:33:01+00:00	2a2c5a73139b	{"log":"/docker-entrypoint.sh: Configuration complete; ready for start up","container_id":"2a2c5a73139be656c3d4316f1ed79c44164c8ec061bf9715dcb82ab33c59b171","container_name":"/nginx","source":"stdout"}
2020-09-22T19:33:20+00:00	404aa160cca4	{"container_id":"404aa160cca497e7f34d03cd7c642fbe2e956104a6ba54103e491844cf247ff0","container_name":"/mysql","source":"stdout","log":"2020-09-22 19:33:20+00:00 [Note] [Entrypoint]: Entrypoint script for MySQL Server 8.0.21-1debian10 started."}
2020-09-22T19:33:20+00:00	404aa160cca4	{"source":"stdout","log":"2020-09-22 19:33:20+00:00 [Note] [Entrypoint]: Switching to dedicated user 'mysql'","container_id":"404aa160cca497e7f34d03cd7c642fbe2e956104a6ba54103e491844cf247ff0","container_name":"/mysql"}
2020-09-22T19:33:20+00:00	404aa160cca4	{"log":"2020-09-22 19:33:20+00:00 [Note] [Entrypoint]: Entrypoint script for MySQL Server 8.0.21-1debian10 started.","container_id":"404aa160cca497e7f34d03cd7c642fbe2e956104a6ba54103e491844cf247ff0","container_name":"/mysql","source":"stdout"}
2020-09-22T19:33:20+00:00	404aa160cca4	{"log":"2020-09-22 19:33:20+00:00 [Note] [Entrypoint]: Initializing database files","container_id":"404aa160cca497e7f34d03cd7c642fbe2e956104a6ba54103e491844cf247ff0","container_name":"/mysql","source":"stdout"}
2020-09-22T19:33:20+00:00	404aa160cca4	{"container_id":"404aa160cca497e7f34d03cd7c642fbe2e956104a6ba54103e491844cf247ff0","container_name":"/mysql","source":"stderr","log":"2020-09-22T19:33:20.278018Z 0 [System] [MY-013169] [Server] /usr/sbin/mysqld (mysqld 8.0.21) initializing of server in progress as process 43"}
2020-09-22T19:33:20+00:00	404aa160cca4	{"container_id":"404aa160cca497e7f34d03cd7c642fbe2e956104a6ba54103e491844cf247ff0","container_name":"/mysql","source":"stderr","log":"2020-09-22T19:33:20.283437Z 1 [System] [MY-013576] [InnoDB] InnoDB initialization has started."}
2020-09-22T19:33:20+00:00	404aa160cca4	{"container_id":"404aa160cca497e7f34d03cd7c642fbe2e956104a6ba54103e491844cf247ff0","container_name":"/mysql","source":"stderr","log":"2020-09-22T19:33:20.649111Z 1 [System] [MY-013577] [InnoDB] InnoDB initialization has ended."}
2020-09-22T19:33:21+00:00	404aa160cca4	{"source":"stderr","log":"2020-09-22T19:33:21.659721Z 6 [Warning] [MY-010453] [Server] root@localhost is created with an empty password ! Please consider switching off the --initialize-insecure option.","container_id":"404aa160cca497e7f34d03cd7c642fbe2e956104a6ba54103e491844cf247ff0","container_name":"/mysql"}
2020-09-22T19:33:24+00:00	404aa160cca4	{"container_name":"/mysql","source":"stdout","log":"2020-09-22 19:33:24+00:00 [Note] [Entrypoint]: Database files initialized","container_id":"404aa160cca497e7f34d03cd7c642fbe2e956104a6ba54103e491844cf247ff0"}
2020-09-22T19:33:24+00:00	404aa160cca4	{"source":"stdout","log":"2020-09-22 19:33:24+00:00 [Note] [Entrypoint]: Starting temporary server","container_id":"404aa160cca497e7f34d03cd7c642fbe2e956104a6ba54103e491844cf247ff0","container_name":"/mysql"}
2020-09-22T19:33:24+00:00	404aa160cca4	{"log":"2020-09-22T19:33:24.939078Z 0 [System] [MY-010116] [Server] /usr/sbin/mysqld (mysqld 8.0.21) starting as process 90","container_id":"404aa160cca497e7f34d03cd7c642fbe2e956104a6ba54103e491844cf247ff0","container_name":"/mysql","source":"stderr"}
2020-09-22T19:33:24+00:00	404aa160cca4	{"container_id":"404aa160cca497e7f34d03cd7c642fbe2e956104a6ba54103e491844cf247ff0","container_name":"/mysql","source":"stderr","log":"2020-09-22T19:33:24.954153Z 1 [System] [MY-013576] [InnoDB] InnoDB initialization has started."}
2020-09-22T19:33:25+00:00	404aa160cca4	{"container_id":"404aa160cca497e7f34d03cd7c642fbe2e956104a6ba54103e491844cf247ff0","container_name":"/mysql","source":"stderr","log":"2020-09-22T19:33:25.124836Z 1 [System] [MY-013577] [InnoDB] InnoDB initialization has ended."}
2020-09-22T19:33:25+00:00	404aa160cca4	{"container_id":"404aa160cca497e7f34d03cd7c642fbe2e956104a6ba54103e491844cf247ff0","container_name":"/mysql","source":"stderr","log":"2020-09-22T19:33:25.223238Z 0 [System] [MY-011323] [Server] X Plugin ready for connections. Socket: /var/run/mysqld/mysqlx.sock"}
2020-09-22T19:33:25+00:00	404aa160cca4	{"log":"2020-09-22T19:33:25.326360Z 0 [Warning] [MY-010068] [Server] CA certificate ca.pem is self signed.","container_id":"404aa160cca497e7f34d03cd7c642fbe2e956104a6ba54103e491844cf247ff0","container_name":"/mysql","source":"stderr"}
2020-09-22T19:33:25+00:00	404aa160cca4	{"container_id":"404aa160cca497e7f34d03cd7c642fbe2e956104a6ba54103e491844cf247ff0","container_name":"/mysql","source":"stderr","log":"2020-09-22T19:33:25.326500Z 0 [System] [MY-013602] [Server] Channel mysql_main configured to support TLS. Encrypted connections are now supported for this channel."}
2020-09-22T19:33:25+00:00	404aa160cca4	{"container_name":"/mysql","source":"stderr","log":"2020-09-22T19:33:25.328727Z 0 [Warning] [MY-011810] [Server] Insecure configuration for --pid-file: Location '/var/run/mysqld' in the path is accessible to all OS users. Consider choosing a different directory.","container_id":"404aa160cca497e7f34d03cd7c642fbe2e956104a6ba54103e491844cf247ff0"}
2020-09-22T19:33:25+00:00	404aa160cca4	{"log":"2020-09-22T19:33:25.356629Z 0 [System] [MY-010931] [Server] /usr/sbin/mysqld: ready for connections. Version: '8.0.21'  socket: '/var/run/mysqld/mysqld.sock'  port: 0  MySQL Community Server - GPL.","container_id":"404aa160cca497e7f34d03cd7c642fbe2e956104a6ba54103e491844cf247ff0","container_name":"/mysql","source":"stderr"}
2020-09-22T19:33:25+00:00	404aa160cca4	{"log":"2020-09-22 19:33:25+00:00 [Note] [Entrypoint]: Temporary server started.","container_id":"404aa160cca497e7f34d03cd7c642fbe2e956104a6ba54103e491844cf247ff0","container_name":"/mysql","source":"stdout"}
2020-09-22T19:33:26+00:00	404aa160cca4	{"log":"Warning: Unable to load '/usr/share/zoneinfo/iso3166.tab' as time zone. Skipping it.","container_id":"404aa160cca497e7f34d03cd7c642fbe2e956104a6ba54103e491844cf247ff0","container_name":"/mysql","source":"stderr"}
2020-09-22T19:33:26+00:00	404aa160cca4	{"container_id":"404aa160cca497e7f34d03cd7c642fbe2e956104a6ba54103e491844cf247ff0","container_name":"/mysql","source":"stderr","log":"Warning: Unable to load '/usr/share/zoneinfo/leap-seconds.list' as time zone. Skipping it."}
2020-09-22T19:33:27+00:00	404aa160cca4	{"container_id":"404aa160cca497e7f34d03cd7c642fbe2e956104a6ba54103e491844cf247ff0","container_name":"/mysql","source":"stderr","log":"Warning: Unable to load '/usr/share/zoneinfo/zone.tab' as time zone. Skipping it."}
2020-09-22T19:33:27+00:00	404aa160cca4	{"container_name":"/mysql","source":"stderr","log":"Warning: Unable to load '/usr/share/zoneinfo/zone1970.tab' as time zone. Skipping it.","container_id":"404aa160cca497e7f34d03cd7c642fbe2e956104a6ba54103e491844cf247ff0"}
2020-09-22T19:33:28+00:00	404aa160cca4	{"source":"stdout","log":"2020-09-22 19:33:28+00:00 [Note] [Entrypoint]: Creating database my_db","container_id":"404aa160cca497e7f34d03cd7c642fbe2e956104a6ba54103e491844cf247ff0","container_name":"/mysql"}
2020-09-22T19:33:28+00:00	404aa160cca4	{"log":"","container_id":"404aa160cca497e7f34d03cd7c642fbe2e956104a6ba54103e491844cf247ff0","container_name":"/mysql","source":"stdout"}
2020-09-22T19:33:28+00:00	404aa160cca4	{"container_id":"404aa160cca497e7f34d03cd7c642fbe2e956104a6ba54103e491844cf247ff0","container_name":"/mysql","source":"stdout","log":"2020-09-22 19:33:28+00:00 [Note] [Entrypoint]: Stopping temporary server"}
2020-09-22T19:33:28+00:00	404aa160cca4	{"source":"stderr","log":"2020-09-22T19:33:28.237128Z 11 [System] [MY-013172] [Server] Received SHUTDOWN from user root. Shutting down mysqld (Version: 8.0.21).","container_id":"404aa160cca497e7f34d03cd7c642fbe2e956104a6ba54103e491844cf247ff0","container_name":"/mysql"}
2020-09-22T19:33:30+00:00	404aa160cca4	{"container_id":"404aa160cca497e7f34d03cd7c642fbe2e956104a6ba54103e491844cf247ff0","container_name":"/mysql","source":"stderr","log":"2020-09-22T19:33:30.896815Z 0 [System] [MY-010910] [Server] /usr/sbin/mysqld: Shutdown complete (mysqld 8.0.21)  MySQL Community Server - GPL."}
2020-09-22T19:33:31+00:00	404aa160cca4	{"log":"2020-09-22 19:33:31+00:00 [Note] [Entrypoint]: Temporary server stopped","container_id":"404aa160cca497e7f34d03cd7c642fbe2e956104a6ba54103e491844cf247ff0","container_name":"/mysql","source":"stdout"}
2020-09-22T19:33:31+00:00	404aa160cca4	{"container_id":"404aa160cca497e7f34d03cd7c642fbe2e956104a6ba54103e491844cf247ff0","container_name":"/mysql","source":"stdout","log":""}
2020-09-22T19:33:31+00:00	404aa160cca4	{"container_name":"/mysql","source":"stdout","log":"2020-09-22 19:33:31+00:00 [Note] [Entrypoint]: MySQL init process done. Ready for start up.","container_id":"404aa160cca497e7f34d03cd7c642fbe2e956104a6ba54103e491844cf247ff0"}
2020-09-22T19:33:31+00:00	404aa160cca4	{"container_id":"404aa160cca497e7f34d03cd7c642fbe2e956104a6ba54103e491844cf247ff0","container_name":"/mysql","source":"stdout","log":""}
2020-09-22T19:33:31+00:00	404aa160cca4	{"source":"stderr","log":"2020-09-22T19:33:31.488245Z 0 [System] [MY-010116] [Server] /usr/sbin/mysqld (mysqld 8.0.21) starting as process 1","container_id":"404aa160cca497e7f34d03cd7c642fbe2e956104a6ba54103e491844cf247ff0","container_name":"/mysql"}
2020-09-22T19:33:31+00:00	404aa160cca4	{"source":"stderr","log":"2020-09-22T19:33:31.495804Z 1 [System] [MY-013576] [InnoDB] InnoDB initialization has started.","container_id":"404aa160cca497e7f34d03cd7c642fbe2e956104a6ba54103e491844cf247ff0","container_name":"/mysql"}
2020-09-22T19:33:31+00:00	404aa160cca4	{"source":"stderr","log":"2020-09-22T19:33:31.658943Z 1 [System] [MY-013577] [InnoDB] InnoDB initialization has ended.","container_id":"404aa160cca497e7f34d03cd7c642fbe2e956104a6ba54103e491844cf247ff0","container_name":"/mysql"}
2020-09-22T19:33:31+00:00	404aa160cca4	{"log":"2020-09-22T19:33:31.757215Z 0 [System] [MY-011323] [Server] X Plugin ready for connections. Bind-address: '::' port: 33060, socket: /var/run/mysqld/mysqlx.sock","container_id":"404aa160cca497e7f34d03cd7c642fbe2e956104a6ba54103e491844cf247ff0","container_name":"/mysql","source":"stderr"}
2020-09-22T19:33:31+00:00	404aa160cca4	{"source":"stderr","log":"2020-09-22T19:33:31.816883Z 0 [Warning] [MY-010068] [Server] CA certificate ca.pem is self signed.","container_id":"404aa160cca497e7f34d03cd7c642fbe2e956104a6ba54103e491844cf247ff0","container_name":"/mysql"}
2020-09-22T19:33:31+00:00	404aa160cca4	{"container_id":"404aa160cca497e7f34d03cd7c642fbe2e956104a6ba54103e491844cf247ff0","container_name":"/mysql","source":"stderr","log":"2020-09-22T19:33:31.817028Z 0 [System] [MY-013602] [Server] Channel mysql_main configured to support TLS. Encrypted connections are now supported for this channel."}
2020-09-22T19:33:31+00:00	404aa160cca4	{"container_name":"/mysql","source":"stderr","log":"2020-09-22T19:33:31.821270Z 0 [Warning] [MY-011810] [Server] Insecure configuration for --pid-file: Location '/var/run/mysqld' in the path is accessible to all OS users. Consider choosing a different directory.","container_id":"404aa160cca497e7f34d03cd7c642fbe2e956104a6ba54103e491844cf247ff0"}
2020-09-22T19:33:31+00:00	404aa160cca4	{"container_name":"/mysql","source":"stderr","log":"2020-09-22T19:33:31.843454Z 0 [System] [MY-010931] [Server] /usr/sbin/mysqld: ready for connections. Version: '8.0.21'  socket: '/var/run/mysqld/mysqld.sock'  port: 3306  MySQL Community Server - GPL.","container_id":"404aa160cca497e7f34d03cd7c642fbe2e956104a6ba54103e491844cf247ff0"}
